<html>
<head>
<title>TestNG:  Smoke Test</title>
<link href="../testng.css" rel="stylesheet" type="text/css" />
<link href="../my-testng.css" rel="stylesheet" type="text/css" />

<style type="text/css">
.log { display: none;} 
.stack-trace { display: none;} 
</style>
<script type="text/javascript">
<!--
function flip(e) {
  current = e.style.display;
  if (current == 'block') {
    e.style.display = 'none';
    return 0;
  }
  else {
    e.style.display = 'block';
    return 1;
  }
}

function toggleBox(szDivId, elem, msg1, msg2)
{
  var res = -1;  if (document.getElementById) {
    res = flip(document.getElementById(szDivId));
  }
  else if (document.all) {
    // this is the way old msie versions work
    res = flip(document.all[szDivId]);
  }
  if(elem) {
    if(res == 0) elem.innerHTML = msg1; else elem.innerHTML = msg2;
  }

}

function toggleAllBoxes() {
  if (document.getElementsByTagName) {
    d = document.getElementsByTagName('div');
    for (i = 0; i < d.length; i++) {
      if (d[i].className == 'log') {
        flip(d[i]);
      }
    }
  }
}

// -->
</script>

</head>
<body>
<h2 align='center'>Smoke Test</h2><table border='1' align="center">
<tr>
<td>Tests passed/Failed/Skipped:</td><td>32/3/0</td>
</tr><tr>
<td>Started on:</td><td>Mon Jul 10 16:52:59 IST 2017</td>
</tr>
<tr><td>Total time:</td><td>108 seconds (108554 ms)</td>
</tr><tr>
<td>Included groups:</td><td>frontdeskcreate frontdesk frontdeskview </td>
</tr><tr>
<td>Excluded groups:</td><td>admincreate webview tst web adminview admin tst1 webcreate </td>
</tr>
</table><p/>
<small><i>(Hover the method name to see the test class name)</i></small><p/>
<table width='100%' border='1' class='invocation-failed'>
<tr><td colspan='4' align='center'><b>FAILED TESTS</b></td></tr>
<tr><td><b>Test method</b></td>
<td width="30%"><b>Exception</b></td>
<td width="10%"><b>Time (seconds)</b></td>
<td><b>Instance</b></td>
</tr>
<tr>
<td title='com.hms.APITestingUsingUnirest.SmokeTest.UC_FD_30_TC_1_getgroupcancellationcharge()'><b>UC_FD_30_TC_1_getgroupcancellationcharge</b><br>Test class: com.hms.APITestingUsingUnirest.SmokeTest</td>
<td><div><pre>org.json.JSONException: JSONArray[-2] not found.
	at org.json.JSONArray.get(JSONArray.java:194)
	at org.json.JSONArray.getJSONObject(JSONArray.java:292)
	at com.hms.APITestingUsingUnirest.Getbookings.extractinggroupmainid(Getbookings.java:202)
	at com.hms.APITestingUsingUnirest.Editbooking.Editbookingcall(Editbooking.java:128)
	at com.hms.APITestingUsingUnirest.Getgroupcancelcharge.Getgroupcancelchargecall(Getgroupcancelcharge.java:68)
	at com.hms.APITestingUsingUnirest.SmokeTest.UC_FD_30_TC_1_getgroupcancellationcharge(SmokeTest.java:285)
... Removed 24 stack frames</pre></div><a href='#' onClick='toggleBox("stack-trace29637593", this, "Click to show all stack frames", "Click to hide stack frames")'>Click to show all stack frames</a>
<div class='stack-trace' id='stack-trace29637593'><pre>org.json.JSONException: JSONArray[-2] not found.
	at org.json.JSONArray.get(JSONArray.java:194)
	at org.json.JSONArray.getJSONObject(JSONArray.java:292)
	at com.hms.APITestingUsingUnirest.Getbookings.extractinggroupmainid(Getbookings.java:202)
	at com.hms.APITestingUsingUnirest.Editbooking.Editbookingcall(Editbooking.java:128)
	at com.hms.APITestingUsingUnirest.Getgroupcancelcharge.Getgroupcancelchargecall(Getgroupcancelcharge.java:68)
	at com.hms.APITestingUsingUnirest.SmokeTest.UC_FD_30_TC_1_getgroupcancellationcharge(SmokeTest.java:285)
	at sun.reflect.NativeMethodAccessorImpl.invoke0(Native Method)
	at sun.reflect.NativeMethodAccessorImpl.invoke(Unknown Source)
	at sun.reflect.DelegatingMethodAccessorImpl.invoke(Unknown Source)
	at java.lang.reflect.Method.invoke(Unknown Source)
	at org.testng.internal.MethodInvocationHelper.invokeMethod(MethodInvocationHelper.java:80)
	at org.testng.internal.Invoker.invokeMethod(Invoker.java:714)
	at org.testng.internal.Invoker.invokeTestMethod(Invoker.java:901)
	at org.testng.internal.Invoker.invokeTestMethods(Invoker.java:1231)
	at org.testng.internal.TestMethodWorker.invokeTestMethods(TestMethodWorker.java:127)
	at org.testng.internal.TestMethodWorker.run(TestMethodWorker.java:111)
	at org.testng.TestRunner.privateRun(TestRunner.java:767)
	at org.testng.TestRunner.run(TestRunner.java:617)
	at org.testng.SuiteRunner.runTest(SuiteRunner.java:334)
	at org.testng.SuiteRunner.runSequentially(SuiteRunner.java:329)
	at org.testng.SuiteRunner.privateRun(SuiteRunner.java:291)
	at org.testng.SuiteRunner.run(SuiteRunner.java:240)
	at org.testng.SuiteRunnerWorker.runSuite(SuiteRunnerWorker.java:52)
	at org.testng.SuiteRunnerWorker.run(SuiteRunnerWorker.java:86)
	at org.testng.TestNG.runSuitesSequentially(TestNG.java:1198)
	at org.testng.TestNG.runSuitesLocally(TestNG.java:1123)
	at org.testng.TestNG.run(TestNG.java:1031)
	at org.testng.remote.RemoteTestNG.run(RemoteTestNG.java:111)
	at org.testng.remote.RemoteTestNG.initAndRun(RemoteTestNG.java:204)
	at org.testng.remote.RemoteTestNG.main(RemoteTestNG.java:175)
</pre></div></td>
<td>3</td>
<td>com.hms.APITestingUsingUnirest.SmokeTest@9f0666</td></tr>
<tr>
<td title='com.hms.APITestingUsingUnirest.SmokeTest.UC_FD_37_TC_1_movebooking()'><b>UC_FD_37_TC_1_movebooking</b><br>Test class: com.hms.APITestingUsingUnirest.SmokeTest</td>
<td><div><pre>java.lang.AssertionError: expected [success] but found [move not possible, booking not in valid for move]
	at com.hms.APITestingUsingUnirest.SmokeTest.UC_FD_37_TC_1_movebooking(SmokeTest.java:325)
... Removed 29 stack frames</pre></div><a href='#' onClick='toggleBox("stack-trace12320717", this, "Click to show all stack frames", "Click to hide stack frames")'>Click to show all stack frames</a>
<div class='stack-trace' id='stack-trace12320717'><pre>java.lang.AssertionError: expected [success] but found [move not possible, booking not in valid for move]
	at org.testng.Assert.fail(Assert.java:94)
	at org.testng.Assert.failNotEquals(Assert.java:494)
	at org.testng.Assert.assertEquals(Assert.java:123)
	at org.testng.Assert.assertEquals(Assert.java:176)
	at org.testng.Assert.assertEquals(Assert.java:186)
	at com.hms.APITestingUsingUnirest.SmokeTest.UC_FD_37_TC_1_movebooking(SmokeTest.java:325)
	at sun.reflect.NativeMethodAccessorImpl.invoke0(Native Method)
	at sun.reflect.NativeMethodAccessorImpl.invoke(Unknown Source)
	at sun.reflect.DelegatingMethodAccessorImpl.invoke(Unknown Source)
	at java.lang.reflect.Method.invoke(Unknown Source)
	at org.testng.internal.MethodInvocationHelper.invokeMethod(MethodInvocationHelper.java:80)
	at org.testng.internal.Invoker.invokeMethod(Invoker.java:714)
	at org.testng.internal.Invoker.invokeTestMethod(Invoker.java:901)
	at org.testng.internal.Invoker.invokeTestMethods(Invoker.java:1231)
	at org.testng.internal.TestMethodWorker.invokeTestMethods(TestMethodWorker.java:127)
	at org.testng.internal.TestMethodWorker.run(TestMethodWorker.java:111)
	at org.testng.TestRunner.privateRun(TestRunner.java:767)
	at org.testng.TestRunner.run(TestRunner.java:617)
	at org.testng.SuiteRunner.runTest(SuiteRunner.java:334)
	at org.testng.SuiteRunner.runSequentially(SuiteRunner.java:329)
	at org.testng.SuiteRunner.privateRun(SuiteRunner.java:291)
	at org.testng.SuiteRunner.run(SuiteRunner.java:240)
	at org.testng.SuiteRunnerWorker.runSuite(SuiteRunnerWorker.java:52)
	at org.testng.SuiteRunnerWorker.run(SuiteRunnerWorker.java:86)
	at org.testng.TestNG.runSuitesSequentially(TestNG.java:1198)
	at org.testng.TestNG.runSuitesLocally(TestNG.java:1123)
	at org.testng.TestNG.run(TestNG.java:1031)
	at org.testng.remote.RemoteTestNG.run(RemoteTestNG.java:111)
	at org.testng.remote.RemoteTestNG.initAndRun(RemoteTestNG.java:204)
	at org.testng.remote.RemoteTestNG.main(RemoteTestNG.java:175)
</pre></div></td>
<td>4</td>
<td>com.hms.APITestingUsingUnirest.SmokeTest@9f0666</td></tr>
<tr>
<td title='com.hms.APITestingUsingUnirest.SmokeTest.UC_FD_54_TC_1_addoccupancies()'><b>UC_FD_54_TC_1_addoccupancies</b><br>Test class: com.hms.APITestingUsingUnirest.SmokeTest</td>
<td><div><pre>java.lang.AssertionError: expected [success] but found [booking status is Checkout(fvtlzphAgw||)]
	at com.hms.APITestingUsingUnirest.SmokeTest.UC_FD_54_TC_1_addoccupancies(SmokeTest.java:382)
... Removed 29 stack frames</pre></div><a href='#' onClick='toggleBox("stack-trace15386706", this, "Click to show all stack frames", "Click to hide stack frames")'>Click to show all stack frames</a>
<div class='stack-trace' id='stack-trace15386706'><pre>java.lang.AssertionError: expected [success] but found [booking status is Checkout(fvtlzphAgw||)]
	at org.testng.Assert.fail(Assert.java:94)
	at org.testng.Assert.failNotEquals(Assert.java:494)
	at org.testng.Assert.assertEquals(Assert.java:123)
	at org.testng.Assert.assertEquals(Assert.java:176)
	at org.testng.Assert.assertEquals(Assert.java:186)
	at com.hms.APITestingUsingUnirest.SmokeTest.UC_FD_54_TC_1_addoccupancies(SmokeTest.java:382)
	at sun.reflect.NativeMethodAccessorImpl.invoke0(Native Method)
	at sun.reflect.NativeMethodAccessorImpl.invoke(Unknown Source)
	at sun.reflect.DelegatingMethodAccessorImpl.invoke(Unknown Source)
	at java.lang.reflect.Method.invoke(Unknown Source)
	at org.testng.internal.MethodInvocationHelper.invokeMethod(MethodInvocationHelper.java:80)
	at org.testng.internal.Invoker.invokeMethod(Invoker.java:714)
	at org.testng.internal.Invoker.invokeTestMethod(Invoker.java:901)
	at org.testng.internal.Invoker.invokeTestMethods(Invoker.java:1231)
	at org.testng.internal.TestMethodWorker.invokeTestMethods(TestMethodWorker.java:127)
	at org.testng.internal.TestMethodWorker.run(TestMethodWorker.java:111)
	at org.testng.TestRunner.privateRun(TestRunner.java:767)
	at org.testng.TestRunner.run(TestRunner.java:617)
	at org.testng.SuiteRunner.runTest(SuiteRunner.java:334)
	at org.testng.SuiteRunner.runSequentially(SuiteRunner.java:329)
	at org.testng.SuiteRunner.privateRun(SuiteRunner.java:291)
	at org.testng.SuiteRunner.run(SuiteRunner.java:240)
	at org.testng.SuiteRunnerWorker.runSuite(SuiteRunnerWorker.java:52)
	at org.testng.SuiteRunnerWorker.run(SuiteRunnerWorker.java:86)
	at org.testng.TestNG.runSuitesSequentially(TestNG.java:1198)
	at org.testng.TestNG.runSuitesLocally(TestNG.java:1123)
	at org.testng.TestNG.run(TestNG.java:1031)
	at org.testng.remote.RemoteTestNG.run(RemoteTestNG.java:111)
	at org.testng.remote.RemoteTestNG.initAndRun(RemoteTestNG.java:204)
	at org.testng.remote.RemoteTestNG.main(RemoteTestNG.java:175)
</pre></div></td>
<td>9</td>
<td>com.hms.APITestingUsingUnirest.SmokeTest@9f0666</td></tr>
</table><p>
<table width='100%' border='1' class='invocation-passed'>
<tr><td colspan='4' align='center'><b>PASSED TESTS</b></td></tr>
<tr><td><b>Test method</b></td>
<td width="30%"><b>Exception</b></td>
<td width="10%"><b>Time (seconds)</b></td>
<td><b>Instance</b></td>
</tr>
<tr>
<td title='com.hms.APITestingUsingUnirest.SmokeTest.UC_FD_13_TC_1_getusers()'><b>UC_FD_13_TC_1_getusers</b><br>Test class: com.hms.APITestingUsingUnirest.SmokeTest</td>
<td></td>
<td>1</td>
<td>com.hms.APITestingUsingUnirest.SmokeTest@9f0666</td></tr>
<tr>
<td title='com.hms.APITestingUsingUnirest.SmokeTest.UC_FD_14_TC_1_getdnrs()'><b>UC_FD_14_TC_1_getdnrs</b><br>Test class: com.hms.APITestingUsingUnirest.SmokeTest</td>
<td></td>
<td>1</td>
<td>com.hms.APITestingUsingUnirest.SmokeTest@9f0666</td></tr>
<tr>
<td title='com.hms.APITestingUsingUnirest.SmokeTest.UC_FD_15_TC_1_gethousestatus()'><b>UC_FD_15_TC_1_gethousestatus</b><br>Test class: com.hms.APITestingUsingUnirest.SmokeTest</td>
<td></td>
<td>1</td>
<td>com.hms.APITestingUsingUnirest.SmokeTest@9f0666</td></tr>
<tr>
<td title='com.hms.APITestingUsingUnirest.SmokeTest.UC_FD_16_TC_1_gethoteldata()'><b>UC_FD_16_TC_1_gethoteldata</b><br>Test class: com.hms.APITestingUsingUnirest.SmokeTest</td>
<td></td>
<td>1</td>
<td>com.hms.APITestingUsingUnirest.SmokeTest@9f0666</td></tr>
<tr>
<td title='com.hms.APITestingUsingUnirest.SmokeTest.UC_FD_17_TC_1_getcheckins()'><b>UC_FD_17_TC_1_getcheckins</b><br>Test class: com.hms.APITestingUsingUnirest.SmokeTest</td>
<td></td>
<td>1</td>
<td>com.hms.APITestingUsingUnirest.SmokeTest@9f0666</td></tr>
<tr>
<td title='com.hms.APITestingUsingUnirest.SmokeTest.UC_FD_18_TC_1_getcheckouts()'><b>UC_FD_18_TC_1_getcheckouts</b><br>Test class: com.hms.APITestingUsingUnirest.SmokeTest</td>
<td></td>
<td>1</td>
<td>com.hms.APITestingUsingUnirest.SmokeTest@9f0666</td></tr>
<tr>
<td title='com.hms.APITestingUsingUnirest.SmokeTest.UC_FD_19_TC_1_getbookings()'><b>UC_FD_19_TC_1_getbookings</b><br>Test class: com.hms.APITestingUsingUnirest.SmokeTest</td>
<td></td>
<td>2</td>
<td>com.hms.APITestingUsingUnirest.SmokeTest@9f0666</td></tr>
<tr>
<td title='com.hms.APITestingUsingUnirest.SmokeTest.UC_FD_20_TC_1_getbookingsearch()'><b>UC_FD_20_TC_1_getbookingsearch</b><br>Test class: com.hms.APITestingUsingUnirest.SmokeTest</td>
<td></td>
<td>1</td>
<td>com.hms.APITestingUsingUnirest.SmokeTest@9f0666</td></tr>
<tr>
<td title='com.hms.APITestingUsingUnirest.SmokeTest.UC_FD_21_TC_1_getbooking()'><b>UC_FD_21_TC_1_getbooking</b><br>Test class: com.hms.APITestingUsingUnirest.SmokeTest</td>
<td></td>
<td>3</td>
<td>com.hms.APITestingUsingUnirest.SmokeTest@9f0666</td></tr>
<tr>
<td title='com.hms.APITestingUsingUnirest.SmokeTest.UC_FD_22_TC_1_getgroup()'><b>UC_FD_22_TC_1_getgroup</b><br>Test class: com.hms.APITestingUsingUnirest.SmokeTest</td>
<td></td>
<td>3</td>
<td>com.hms.APITestingUsingUnirest.SmokeTest@9f0666</td></tr>
<tr>
<td title='com.hms.APITestingUsingUnirest.SmokeTest.UC_FD_23_TC_1_getaccountstatements()'><b>UC_FD_23_TC_1_getaccountstatements</b><br>Test class: com.hms.APITestingUsingUnirest.SmokeTest</td>
<td></td>
<td>3</td>
<td>com.hms.APITestingUsingUnirest.SmokeTest@9f0666</td></tr>
<tr>
<td title='com.hms.APITestingUsingUnirest.SmokeTest.UC_FD_24_TC_1_getinvoices()'><b>UC_FD_24_TC_1_getinvoices</b><br>Test class: com.hms.APITestingUsingUnirest.SmokeTest</td>
<td></td>
<td>2</td>
<td>com.hms.APITestingUsingUnirest.SmokeTest@9f0666</td></tr>
<tr>
<td title='com.hms.APITestingUsingUnirest.SmokeTest.UC_FD_25_TC_1_getinvoice()'><b>UC_FD_25_TC_1_getinvoice</b><br>Test class: com.hms.APITestingUsingUnirest.SmokeTest</td>
<td></td>
<td>1</td>
<td>com.hms.APITestingUsingUnirest.SmokeTest@9f0666</td></tr>
<tr>
<td title='com.hms.APITestingUsingUnirest.SmokeTest.UC_FD_26_TC_1_getearlycheckincharge()'><b>UC_FD_26_TC_1_getearlycheckincharge</b><br>Test class: com.hms.APITestingUsingUnirest.SmokeTest</td>
<td></td>
<td>4</td>
<td>com.hms.APITestingUsingUnirest.SmokeTest@9f0666</td></tr>
<tr>
<td title='com.hms.APITestingUsingUnirest.SmokeTest.UC_FD_27_TC_1_getearlycheckoutcharge()'><b>UC_FD_27_TC_1_getearlycheckoutcharge</b><br>Test class: com.hms.APITestingUsingUnirest.SmokeTest</td>
<td></td>
<td>3</td>
<td>com.hms.APITestingUsingUnirest.SmokeTest@9f0666</td></tr>
<tr>
<td title='com.hms.APITestingUsingUnirest.SmokeTest.UC_FD_29_TC_1_getratestochange()'><b>UC_FD_29_TC_1_getratestochange</b><br>Test class: com.hms.APITestingUsingUnirest.SmokeTest</td>
<td></td>
<td>9</td>
<td>com.hms.APITestingUsingUnirest.SmokeTest@9f0666</td></tr>
<tr>
<td title='com.hms.APITestingUsingUnirest.SmokeTest.UC_FD_31_TC_1_getdepositamount()'><b>UC_FD_31_TC_1_getdepositamount</b><br>Test class: com.hms.APITestingUsingUnirest.SmokeTest</td>
<td></td>
<td>3</td>
<td>com.hms.APITestingUsingUnirest.SmokeTest@9f0666</td></tr>
<tr>
<td title='com.hms.APITestingUsingUnirest.SmokeTest.UC_FD_3_TC_1_editbooking()'><b>UC_FD_3_TC_1_editbooking</b><br>Test class: com.hms.APITestingUsingUnirest.SmokeTest</td>
<td></td>
<td>3</td>
<td>com.hms.APITestingUsingUnirest.SmokeTest@9f0666</td></tr>
<tr>
<td title='com.hms.APITestingUsingUnirest.SmokeTest.UC_FD_4_TC_1_commitedbooking()'><b>UC_FD_4_TC_1_commitedbooking</b><br>Test class: com.hms.APITestingUsingUnirest.SmokeTest</td>
<td></td>
<td>5</td>
<td>com.hms.APITestingUsingUnirest.SmokeTest@9f0666</td></tr>
<tr>
<td title='com.hms.APITestingUsingUnirest.SmokeTest.UC_FD_50_TC_1_adddnrs()'><b>UC_FD_50_TC_1_adddnrs</b><br>Test class: com.hms.APITestingUsingUnirest.SmokeTest</td>
<td></td>
<td>2</td>
<td>com.hms.APITestingUsingUnirest.SmokeTest@9f0666</td></tr>
<tr>
<td title='com.hms.APITestingUsingUnirest.SmokeTest.UC_FD_51_TC_1_deletednrs()'><b>UC_FD_51_TC_1_deletednrs</b><br>Test class: com.hms.APITestingUsingUnirest.SmokeTest</td>
<td></td>
<td>2</td>
<td>com.hms.APITestingUsingUnirest.SmokeTest@9f0666</td></tr>
<tr>
<td title='com.hms.APITestingUsingUnirest.SmokeTest.UC_FD_52_TC_1_editdnrs()'><b>UC_FD_52_TC_1_editdnrs</b><br>Test class: com.hms.APITestingUsingUnirest.SmokeTest</td>
<td></td>
<td>2</td>
<td>com.hms.APITestingUsingUnirest.SmokeTest@9f0666</td></tr>
<tr>
<td title='com.hms.APITestingUsingUnirest.SmokeTest.UC_FD_53_TC_1_keepalive()'><b>UC_FD_53_TC_1_keepalive</b><br>Test class: com.hms.APITestingUsingUnirest.SmokeTest</td>
<td></td>
<td>1</td>
<td>com.hms.APITestingUsingUnirest.SmokeTest@9f0666</td></tr>
<tr>
<td title='com.hms.APITestingUsingUnirest.SmokeTest.UC_FD_55_TC_1_changepayterm()'><b>UC_FD_55_TC_1_changepayterm</b><br>Test class: com.hms.APITestingUsingUnirest.SmokeTest</td>
<td></td>
<td>3</td>
<td>com.hms.APITestingUsingUnirest.SmokeTest@9f0666</td></tr>
<tr>
<td title='com.hms.APITestingUsingUnirest.SmokeTest.UC_FD_56_TC_1_checknightauditstatus()'><b>UC_FD_56_TC_1_checknightauditstatus</b><br>Test class: com.hms.APITestingUsingUnirest.SmokeTest</td>
<td></td>
<td>1</td>
<td>com.hms.APITestingUsingUnirest.SmokeTest@9f0666</td></tr>
<tr>
<td title='com.hms.APITestingUsingUnirest.SmokeTest.UC_FD_57_TC_1_consolidateaccount()'><b>UC_FD_57_TC_1_consolidateaccount</b><br>Test class: com.hms.APITestingUsingUnirest.SmokeTest</td>
<td></td>
<td>3</td>
<td>com.hms.APITestingUsingUnirest.SmokeTest@9f0666</td></tr>
<tr>
<td title='com.hms.APITestingUsingUnirest.SmokeTest.UC_FD_58_TC_1_deleteproformainvoice()'><b>UC_FD_58_TC_1_deleteproformainvoice</b><br>Test class: com.hms.APITestingUsingUnirest.SmokeTest</td>
<td></td>
<td>3</td>
<td>com.hms.APITestingUsingUnirest.SmokeTest@9f0666</td></tr>
<tr>
<td title='com.hms.APITestingUsingUnirest.SmokeTest.UC_FD_59_TC_1_earlycheckout()'><b>UC_FD_59_TC_1_earlycheckout</b><br>Test class: com.hms.APITestingUsingUnirest.SmokeTest</td>
<td></td>
<td>3</td>
<td>com.hms.APITestingUsingUnirest.SmokeTest@9f0666</td></tr>
<tr>
<td title='com.hms.APITestingUsingUnirest.SmokeTest.UC_FD_5_TC_1_closeeditbooking()'><b>UC_FD_5_TC_1_closeeditbooking</b><br>Test class: com.hms.APITestingUsingUnirest.SmokeTest</td>
<td></td>
<td>4</td>
<td>com.hms.APITestingUsingUnirest.SmokeTest@9f0666</td></tr>
<tr>
<td title='com.hms.APITestingUsingUnirest.SmokeTest.UC_FD_70_TC_1_guestlookup()'><b>UC_FD_70_TC_1_guestlookup</b><br>Test class: com.hms.APITestingUsingUnirest.SmokeTest</td>
<td></td>
<td>1</td>
<td>com.hms.APITestingUsingUnirest.SmokeTest@9f0666</td></tr>
<tr>
<td title='com.hms.APITestingUsingUnirest.SmokeTest.UC_FD_84_TC_1_sendbookingemail()'><b>UC_FD_84_TC_1_sendbookingemail</b><br>Test class: com.hms.APITestingUsingUnirest.SmokeTest</td>
<td></td>
<td>4</td>
<td>com.hms.APITestingUsingUnirest.SmokeTest@9f0666</td></tr>
<tr>
<td title='com.hms.APITestingUsingUnirest.SmokeTest.UC_FD_9_TC_1_getroomtypestochange()'><b>UC_FD_9_TC_1_getroomtypestochange</b><br>Test class: com.hms.APITestingUsingUnirest.SmokeTest</td>
<td></td>
<td>1</td>
<td>com.hms.APITestingUsingUnirest.SmokeTest@9f0666</td></tr>
</table><p>
</body>
</html>