<?xml version="1.0" encoding="UTF-8"?>
<!-- Generated by org.testng.reporters.JUnitReportReporter -->
<testsuite hostname="hms-update3" name="com.hms.APITestingUsingUnirest.SmokeTest" tests="35" failures="1" timestamp="10 Jul 2017 11:24:48 GMT" time="108.481" errors="2">
  <testcase name="UC_FD_9_TC_1_getroomtypestochange" time="1.220" classname="com.hms.APITestingUsingUnirest.SmokeTest"/>
  <testcase name="UC_FD_19_TC_1_getbookings" time="2.187" classname="com.hms.APITestingUsingUnirest.SmokeTest"/>
  <testcase name="UC_FD_57_TC_1_consolidateaccount" time="3.587" classname="com.hms.APITestingUsingUnirest.SmokeTest"/>
  <testcase name="UC_FD_24_TC_1_getinvoices" time="2.650" classname="com.hms.APITestingUsingUnirest.SmokeTest"/>
  <testcase name="UC_FD_4_TC_1_commitedbooking" time="5.525" classname="com.hms.APITestingUsingUnirest.SmokeTest"/>
  <testcase name="UC_FD_53_TC_1_keepalive" time="1.131" classname="com.hms.APITestingUsingUnirest.SmokeTest"/>
  <testcase name="UC_FD_13_TC_1_getusers" time="1.358" classname="com.hms.APITestingUsingUnirest.SmokeTest"/>
  <testcase name="UC_FD_29_TC_1_getratestochange" time="9.786" classname="com.hms.APITestingUsingUnirest.SmokeTest"/>
  <testcase name="UC_FD_31_TC_1_getdepositamount" time="3.419" classname="com.hms.APITestingUsingUnirest.SmokeTest"/>
  <testcase name="UC_FD_16_TC_1_gethoteldata" time="1.248" classname="com.hms.APITestingUsingUnirest.SmokeTest"/>
  <testcase name="UC_FD_84_TC_1_sendbookingemail" time="4.503" classname="com.hms.APITestingUsingUnirest.SmokeTest"/>
  <testcase name="UC_FD_22_TC_1_getgroup" time="3.873" classname="com.hms.APITestingUsingUnirest.SmokeTest"/>
  <testcase name="UC_FD_18_TC_1_getcheckouts" time="1.248" classname="com.hms.APITestingUsingUnirest.SmokeTest"/>
  <testcase name="UC_FD_26_TC_1_getearlycheckincharge" time="4.019" classname="com.hms.APITestingUsingUnirest.SmokeTest"/>
  <testcase name="UC_FD_50_TC_1_adddnrs" time="2.621" classname="com.hms.APITestingUsingUnirest.SmokeTest"/>
  <testcase name="UC_FD_52_TC_1_editdnrs" time="2.617" classname="com.hms.APITestingUsingUnirest.SmokeTest"/>
  <testcase name="UC_FD_30_TC_1_getgroupcancellationcharge" time="3.395" classname="com.hms.APITestingUsingUnirest.SmokeTest">
    <failure type="org.json.JSONException" message="JSONArray[-2] not found.">
      <![CDATA[org.json.JSONException: JSONArray[-2] not found.
	at org.json.JSONArray.get(JSONArray.java:194)
	at org.json.JSONArray.getJSONObject(JSONArray.java:292)
	at com.hms.APITestingUsingUnirest.Getbookings.extractinggroupmainid(Getbookings.java:202)
	at com.hms.APITestingUsingUnirest.Editbooking.Editbookingcall(Editbooking.java:128)
	at com.hms.APITestingUsingUnirest.Getgroupcancelcharge.Getgroupcancelchargecall(Getgroupcancelcharge.java:68)
	at com.hms.APITestingUsingUnirest.SmokeTest.UC_FD_30_TC_1_getgroupcancellationcharge(SmokeTest.java:285)
	at sun.reflect.NativeMethodAccessorImpl.invoke0(Native Method)
	at sun.reflect.NativeMethodAccessorImpl.invoke(Unknown Source)
	at sun.reflect.DelegatingMethodAccessorImpl.invoke(Unknown Source)
	at java.lang.reflect.Method.invoke(Unknown Source)
	at org.testng.internal.MethodInvocationHelper.invokeMethod(MethodInvocationHelper.java:80)
	at org.testng.internal.Invoker.invokeMethod(Invoker.java:714)
	at org.testng.internal.Invoker.invokeTestMethod(Invoker.java:901)
	at org.testng.internal.Invoker.invokeTestMethods(Invoker.java:1231)
	at org.testng.internal.TestMethodWorker.invokeTestMethods(TestMethodWorker.java:127)
	at org.testng.internal.TestMethodWorker.run(TestMethodWorker.java:111)
	at org.testng.TestRunner.privateRun(TestRunner.java:767)
	at org.testng.TestRunner.run(TestRunner.java:617)
	at org.testng.SuiteRunner.runTest(SuiteRunner.java:334)
	at org.testng.SuiteRunner.runSequentially(SuiteRunner.java:329)
	at org.testng.SuiteRunner.privateRun(SuiteRunner.java:291)
	at org.testng.SuiteRunner.run(SuiteRunner.java:240)
	at org.testng.SuiteRunnerWorker.runSuite(SuiteRunnerWorker.java:52)
	at org.testng.SuiteRunnerWorker.run(SuiteRunnerWorker.java:86)
	at org.testng.TestNG.runSuitesSequentially(TestNG.java:1198)
	at org.testng.TestNG.runSuitesLocally(TestNG.java:1123)
	at org.testng.TestNG.run(TestNG.java:1031)
	at org.testng.remote.RemoteTestNG.run(RemoteTestNG.java:111)
	at org.testng.remote.RemoteTestNG.initAndRun(RemoteTestNG.java:204)
	at org.testng.remote.RemoteTestNG.main(RemoteTestNG.java:175)
]]>
    </failure>
  </testcase> <!-- UC_FD_30_TC_1_getgroupcancellationcharge -->
  <testcase name="UC_FD_14_TC_1_getdnrs" time="1.176" classname="com.hms.APITestingUsingUnirest.SmokeTest"/>
  <testcase name="UC_FD_56_TC_1_checknightauditstatus" time="1.124" classname="com.hms.APITestingUsingUnirest.SmokeTest"/>
  <testcase name="UC_FD_25_TC_1_getinvoice" time="1.162" classname="com.hms.APITestingUsingUnirest.SmokeTest"/>
  <testcase name="UC_FD_15_TC_1_gethousestatus" time="1.347" classname="com.hms.APITestingUsingUnirest.SmokeTest"/>
  <testcase name="UC_FD_58_TC_1_deleteproformainvoice" time="3.478" classname="com.hms.APITestingUsingUnirest.SmokeTest"/>
  <testcase name="UC_FD_5_TC_1_closeeditbooking" time="4.948" classname="com.hms.APITestingUsingUnirest.SmokeTest"/>
  <testcase name="UC_FD_59_TC_1_earlycheckout" time="3.346" classname="com.hms.APITestingUsingUnirest.SmokeTest"/>
  <testcase name="UC_FD_70_TC_1_guestlookup" time="1.437" classname="com.hms.APITestingUsingUnirest.SmokeTest"/>
  <testcase name="UC_FD_17_TC_1_getcheckins" time="1.367" classname="com.hms.APITestingUsingUnirest.SmokeTest"/>
  <testcase name="UC_FD_23_TC_1_getaccountstatements" time="3.217" classname="com.hms.APITestingUsingUnirest.SmokeTest"/>
  <testcase name="UC_FD_27_TC_1_getearlycheckoutcharge" time="3.490" classname="com.hms.APITestingUsingUnirest.SmokeTest"/>
  <testcase name="UC_FD_55_TC_1_changepayterm" time="3.262" classname="com.hms.APITestingUsingUnirest.SmokeTest"/>
  <testcase name="UC_FD_51_TC_1_deletednrs" time="2.567" classname="com.hms.APITestingUsingUnirest.SmokeTest"/>
  <testcase name="UC_FD_37_TC_1_movebooking" time="4.584" classname="com.hms.APITestingUsingUnirest.SmokeTest">
    <error type="java.lang.AssertionError" message="expected [success] but found [move not possible, booking not in valid for move]">
      <![CDATA[java.lang.AssertionError: expected [success] but found [move not possible, booking not in valid for move]
	at org.testng.Assert.fail(Assert.java:94)
	at org.testng.Assert.failNotEquals(Assert.java:494)
	at org.testng.Assert.assertEquals(Assert.java:123)
	at org.testng.Assert.assertEquals(Assert.java:176)
	at org.testng.Assert.assertEquals(Assert.java:186)
	at com.hms.APITestingUsingUnirest.SmokeTest.UC_FD_37_TC_1_movebooking(SmokeTest.java:325)
	at sun.reflect.NativeMethodAccessorImpl.invoke0(Native Method)
	at sun.reflect.NativeMethodAccessorImpl.invoke(Unknown Source)
	at sun.reflect.DelegatingMethodAccessorImpl.invoke(Unknown Source)
	at java.lang.reflect.Method.invoke(Unknown Source)
	at org.testng.internal.MethodInvocationHelper.invokeMethod(MethodInvocationHelper.java:80)
	at org.testng.internal.Invoker.invokeMethod(Invoker.java:714)
	at org.testng.internal.Invoker.invokeTestMethod(Invoker.java:901)
	at org.testng.internal.Invoker.invokeTestMethods(Invoker.java:1231)
	at org.testng.internal.TestMethodWorker.invokeTestMethods(TestMethodWorker.java:127)
	at org.testng.internal.TestMethodWorker.run(TestMethodWorker.java:111)
	at org.testng.TestRunner.privateRun(TestRunner.java:767)
	at org.testng.TestRunner.run(TestRunner.java:617)
	at org.testng.SuiteRunner.runTest(SuiteRunner.java:334)
	at org.testng.SuiteRunner.runSequentially(SuiteRunner.java:329)
	at org.testng.SuiteRunner.privateRun(SuiteRunner.java:291)
	at org.testng.SuiteRunner.run(SuiteRunner.java:240)
	at org.testng.SuiteRunnerWorker.runSuite(SuiteRunnerWorker.java:52)
	at org.testng.SuiteRunnerWorker.run(SuiteRunnerWorker.java:86)
	at org.testng.TestNG.runSuitesSequentially(TestNG.java:1198)
	at org.testng.TestNG.runSuitesLocally(TestNG.java:1123)
	at org.testng.TestNG.run(TestNG.java:1031)
	at org.testng.remote.RemoteTestNG.run(RemoteTestNG.java:111)
	at org.testng.remote.RemoteTestNG.initAndRun(RemoteTestNG.java:204)
	at org.testng.remote.RemoteTestNG.main(RemoteTestNG.java:175)
]]>
    </error>
  </testcase> <!-- UC_FD_37_TC_1_movebooking -->
  <testcase name="UC_FD_54_TC_1_addoccupancies" time="9.376" classname="com.hms.APITestingUsingUnirest.SmokeTest">
    <error type="java.lang.AssertionError" message="expected [success] but found [booking status is Checkout(fvtlzphAgw||)]">
      <![CDATA[java.lang.AssertionError: expected [success] but found [booking status is Checkout(fvtlzphAgw||)]
	at org.testng.Assert.fail(Assert.java:94)
	at org.testng.Assert.failNotEquals(Assert.java:494)
	at org.testng.Assert.assertEquals(Assert.java:123)
	at org.testng.Assert.assertEquals(Assert.java:176)
	at org.testng.Assert.assertEquals(Assert.java:186)
	at com.hms.APITestingUsingUnirest.SmokeTest.UC_FD_54_TC_1_addoccupancies(SmokeTest.java:382)
	at sun.reflect.NativeMethodAccessorImpl.invoke0(Native Method)
	at sun.reflect.NativeMethodAccessorImpl.invoke(Unknown Source)
	at sun.reflect.DelegatingMethodAccessorImpl.invoke(Unknown Source)
	at java.lang.reflect.Method.invoke(Unknown Source)
	at org.testng.internal.MethodInvocationHelper.invokeMethod(MethodInvocationHelper.java:80)
	at org.testng.internal.Invoker.invokeMethod(Invoker.java:714)
	at org.testng.internal.Invoker.invokeTestMethod(Invoker.java:901)
	at org.testng.internal.Invoker.invokeTestMethods(Invoker.java:1231)
	at org.testng.internal.TestMethodWorker.invokeTestMethods(TestMethodWorker.java:127)
	at org.testng.internal.TestMethodWorker.run(TestMethodWorker.java:111)
	at org.testng.TestRunner.privateRun(TestRunner.java:767)
	at org.testng.TestRunner.run(TestRunner.java:617)
	at org.testng.SuiteRunner.runTest(SuiteRunner.java:334)
	at org.testng.SuiteRunner.runSequentially(SuiteRunner.java:329)
	at org.testng.SuiteRunner.privateRun(SuiteRunner.java:291)
	at org.testng.SuiteRunner.run(SuiteRunner.java:240)
	at org.testng.SuiteRunnerWorker.runSuite(SuiteRunnerWorker.java:52)
	at org.testng.SuiteRunnerWorker.run(SuiteRunnerWorker.java:86)
	at org.testng.TestNG.runSuitesSequentially(TestNG.java:1198)
	at org.testng.TestNG.runSuitesLocally(TestNG.java:1123)
	at org.testng.TestNG.run(TestNG.java:1031)
	at org.testng.remote.RemoteTestNG.run(RemoteTestNG.java:111)
	at org.testng.remote.RemoteTestNG.initAndRun(RemoteTestNG.java:204)
	at org.testng.remote.RemoteTestNG.main(RemoteTestNG.java:175)
]]>
    </error>
  </testcase> <!-- UC_FD_54_TC_1_addoccupancies -->
  <testcase name="UC_FD_21_TC_1_getbooking" time="3.199" classname="com.hms.APITestingUsingUnirest.SmokeTest"/>
  <testcase name="UC_FD_20_TC_1_getbookingsearch" time="1.472" classname="com.hms.APITestingUsingUnirest.SmokeTest"/>
  <testcase name="UC_FD_3_TC_1_editbooking" time="3.542" classname="com.hms.APITestingUsingUnirest.SmokeTest"/>
</testsuite> <!-- com.hms.APITestingUsingUnirest.SmokeTest -->
